<?xml version="1.0" encoding="UTF-8"?>
<testsuite name="gottlieb.nasa.neo.NeoFrameTest" tests="1" skipped="0" failures="0" errors="0" timestamp="2020-05-19T23:02:22" hostname="Mindys-MacBook-Pro.local" time="1.457">
  <properties/>
  <testcase name="requestData" classname="gottlieb.nasa.neo.NeoFrameTest" time="1.457"/>
  <system-out><![CDATA[]]></system-out>
  <system-err><![CDATA[]]></system-err>
</testsuite>
