<?xml version="1.0" encoding="UTF-8"?>
<testsuite name="gottlieb.nasa.neo.NeoControllerTest" tests="2" skipped="0" failures="0" errors="0" timestamp="2020-05-25T03:43:03" hostname="Mindys-MBP" time="1.553">
  <properties/>
  <testcase name="onResponse" classname="gottlieb.nasa.neo.NeoControllerTest" time="1.551"/>
  <testcase name="requestData" classname="gottlieb.nasa.neo.NeoControllerTest" time="0.002"/>
  <system-out><![CDATA[]]></system-out>
  <system-err><![CDATA[]]></system-err>
</testsuite>
