<?xml version="1.0" encoding="UTF-8"?>
<testsuite name="gottlieb.nasa.neo.NeoServiceTest" tests="1" skipped="0" failures="0" errors="0" timestamp="2020-05-25T03:43:04" hostname="Mindys-MBP" time="1.23">
  <properties/>
  <testcase name="getAsteroids" classname="gottlieb.nasa.neo.NeoServiceTest" time="1.23"/>
  <system-out><![CDATA[]]></system-out>
  <system-err><![CDATA[]]></system-err>
</testsuite>
