<?xml version="1.0" encoding="UTF-8"?>
<testsuite name="gottlieb.nasa.neo.NeoControllerTest" tests="2" skipped="0" failures="0" errors="0" timestamp="2020-05-19T22:34:45" hostname="Mindys-MacBook-Pro.local" time="3.531">
  <properties/>
  <testcase name="onResponse" classname="gottlieb.nasa.neo.NeoControllerTest" time="3.528"/>
  <testcase name="requestData" classname="gottlieb.nasa.neo.NeoControllerTest" time="0.003"/>
  <system-out><![CDATA[]]></system-out>
  <system-err><![CDATA[]]></system-err>
</testsuite>
