<?xml version="1.0" encoding="UTF-8"?>
<testsuite name="gottlieb.nasa.neo.NeoServiceTest" tests="1" skipped="0" failures="0" errors="0" timestamp="2020-04-28T23:56:59" hostname="Mindys-MBP" time="0.605">
  <properties/>
  <testcase name="getAsteroids" classname="gottlieb.nasa.neo.NeoServiceTest" time="0.605"/>
  <system-out><![CDATA[]]></system-out>
  <system-err><![CDATA[]]></system-err>
</testsuite>
